{:date "25/10/2017 12:32:13", :solution {:routes [{:matrix #RealGEMatrix[double, mxn:32x32, order:column, offset:0, ld:32]

  0.00   0.00   0.00   0.00   0.00   0.00   0.00   0.00    ...     0.00   0.00   0.00   0.00   0.00   0.00   0.00   1.00 
  0.00   0.00   0.00   0.00   0.00   0.00   0.00   0.00    ...     0.00   0.00   0.00   0.00   0.00   0.00   0.00   0.00 
  0.00   0.00   0.00   0.00   1.00   0.00   0.00   0.00    ...     0.00   0.00   0.00   0.00   0.00   0.00   0.00   0.00 
  0.00   0.00   0.00   0.00   0.00   0.00   0.00   0.00    ...     0.00   0.00   0.00   0.00   0.00   0.00   0.00   0.00 
  0.00   0.00   0.00   0.00   0.00   0.00   0.00   0.00    ...     0.00   0.00   0.00   0.00   0.00   0.00   0.00   0.00 
  0.00   0.00   0.00   0.00   0.00   0.00   0.00   0.00    ...     0.00   0.00   0.00   0.00   0.00   0.00   0.00   0.00 
  0.00   0.00   0.00   0.00   0.00   0.00   0.00   0.00    ...     0.00   0.00   0.00   0.00   0.00   0.00   0.00   0.00 
  0.00   1.00   0.00   0.00   0.00   0.00   0.00   0.00    ...     0.00   0.00   0.00   0.00   0.00   0.00   0.00   0.00 
     .          .          .          .          .          .          .          .          .          .          .     
     .          .          .          .          .          .          .          .          .          .          .     
     .          .          .          .          .          .          .          .          .          .          .     

  0.00   0.00   0.00   0.00   0.00   0.00   0.00   0.00    ...     0.00   0.00   0.00   0.00   0.00   0.00   0.00   0.00 
  0.00   0.00   0.00   0.00   0.00   0.00   0.00   0.00    ...     0.00   0.00   0.00   0.00   0.00   0.00   0.00   0.00 
  0.00   0.00   0.00   0.00   0.00   0.00   0.00   0.00    ...     0.00   0.00   0.00   0.00   0.00   0.00   0.00   0.00 
  0.00   0.00   0.00   0.00   0.00   0.00   0.00   0.00    ...     0.00   0.00   0.00   0.00   0.00   0.00   0.00   0.00 
  0.00   0.00   0.00   0.00   0.00   0.00   0.00   0.00    ...     0.00   0.00   0.00   0.00   0.00   0.00   0.00   0.00 
  0.00   0.00   0.00   0.00   0.00   0.00   0.00   0.00    ...     0.00   0.00   0.00   0.00   0.00   0.00   0.00   0.00 
  0.00   0.00   0.00   0.00   0.00   0.00   0.00   0.00    ...     0.00   0.00   0.00   0.00   0.00   0.00   0.00   0.00 
  0.00   0.00   0.00   0.00   0.00   0.00   0.00   0.00    ...     0.00   0.00   0.00   0.00   0.00   0.00   0.00   0.00 
, :cost 173.0, :tour [31 19 21 13 7 1 14]} {:matrix #RealGEMatrix[double, mxn:32x32, order:column, offset:0, ld:32]

  0.00   0.00   0.00   0.00   0.00   0.00   0.00   0.00    ...     0.00   0.00   0.00   0.00   0.00   0.00   1.00   0.00 
  0.00   0.00   0.00   0.00   0.00   0.00   0.00   0.00    ...     0.00   0.00   0.00   0.00   0.00   0.00   0.00   0.00 
  0.00   0.00   0.00   1.00   0.00   0.00   0.00   0.00    ...     0.00   0.00   0.00   0.00   0.00   0.00   0.00   0.00 
  0.00   0.00   0.00   0.00   0.00   0.00   0.00   0.00    ...     0.00   0.00   1.00   0.00   0.00   0.00   0.00   0.00 
  0.00   0.00   0.00   0.00   0.00   0.00   0.00   0.00    ...     0.00   0.00   0.00   0.00   0.00   0.00   0.00   0.00 
  0.00   0.00   0.00   0.00   0.00   0.00   0.00   0.00    ...     0.00   0.00   0.00   0.00   0.00   0.00   0.00   0.00 
  0.00   0.00   0.00   0.00   0.00   0.00   0.00   0.00    ...     0.00   0.00   0.00   0.00   0.00   0.00   0.00   0.00 
  0.00   1.00   0.00   0.00   0.00   0.00   0.00   0.00    ...     0.00   0.00   0.00   0.00   0.00   0.00   0.00   0.00 
     .          .          .          .          .          .          .          .          .          .          .     
     .          .          .          .          .          .          .          .          .          .          .     
     .          .          .          .          .          .          .          .          .          .          .     

  0.00   0.00   0.00   0.00   0.00   0.00   0.00   0.00    ...     0.00   0.00   0.00   0.00   0.00   0.00   0.00   0.00 
  0.00   0.00   0.00   0.00   0.00   0.00   0.00   0.00    ...     0.00   0.00   0.00   0.00   0.00   0.00   0.00   0.00 
  0.00   0.00   0.00   0.00   0.00   0.00   0.00   1.00    ...     0.00   0.00   0.00   0.00   0.00   0.00   0.00   0.00 
  0.00   0.00   0.00   0.00   0.00   0.00   0.00   0.00    ...     0.00   0.00   0.00   0.00   0.00   0.00   0.00   0.00 
  0.00   0.00   0.00   0.00   0.00   0.00   0.00   0.00    ...     0.00   0.00   0.00   0.00   0.00   0.00   0.00   0.00 
  0.00   0.00   0.00   0.00   0.00   0.00   0.00   0.00    ...     0.00   0.00   0.00   0.00   0.00   0.00   0.00   0.00 
  0.00   0.00   0.00   0.00   0.00   0.00   0.00   0.00    ...     0.00   0.00   0.00   0.00   0.00   0.00   0.00   0.00 
  0.00   0.00   0.00   0.00   0.00   0.00   0.00   0.00    ...     0.00   0.00   0.00   0.00   0.00   0.00   0.00   0.00 
, :cost 216.0, :tour [30 17 2 3 8 24]} {:matrix #RealGEMatrix[double, mxn:32x32, order:column, offset:0, ld:32]

  0.00   0.00   0.00   0.00   0.00   0.00   0.00   0.00    ...     0.00   0.00   0.00   0.00   0.00   1.00   0.00   0.00 
  0.00   0.00   0.00   0.00   0.00   0.00   0.00   0.00    ...     0.00   0.00   0.00   0.00   0.00   0.00   0.00   0.00 
  0.00   0.00   0.00   0.00   0.00   0.00   0.00   0.00    ...     0.00   0.00   0.00   0.00   0.00   0.00   0.00   0.00 
  0.00   0.00   0.00   0.00   0.00   0.00   0.00   0.00    ...     0.00   0.00   0.00   0.00   0.00   0.00   0.00   0.00 
  0.00   0.00   0.00   0.00   0.00   0.00   0.00   0.00    ...     0.00   0.00   0.00   0.00   0.00   0.00   0.00   0.00 
  0.00   0.00   0.00   0.00   0.00   0.00   0.00   0.00    ...     0.00   0.00   0.00   0.00   0.00   0.00   0.00   0.00 
  0.00   0.00   0.00   0.00   0.00   0.00   0.00   0.00    ...     1.00   0.00   0.00   0.00   0.00   0.00   0.00   0.00 
  0.00   0.00   0.00   0.00   0.00   0.00   0.00   0.00    ...     0.00   0.00   0.00   0.00   0.00   0.00   0.00   0.00 
     .          .          .          .          .          .          .          .          .          .          .     
     .          .          .          .          .          .          .          .          .          .          .     
     .          .          .          .          .          .          .          .          .          .          .     

  0.00   0.00   0.00   0.00   0.00   0.00   0.00   0.00    ...     0.00   0.00   0.00   0.00   0.00   0.00   0.00   0.00 
  0.00   0.00   0.00   0.00   0.00   1.00   0.00   0.00    ...     0.00   0.00   0.00   0.00   0.00   0.00   0.00   0.00 
  0.00   0.00   0.00   0.00   0.00   0.00   0.00   0.00    ...     0.00   0.00   0.00   0.00   0.00   0.00   0.00   0.00 
  0.00   0.00   0.00   0.00   0.00   0.00   0.00   0.00    ...     0.00   0.00   0.00   0.00   0.00   0.00   0.00   0.00 
  0.00   0.00   0.00   0.00   0.00   0.00   0.00   0.00    ...     0.00   0.00   0.00   0.00   0.00   0.00   0.00   0.00 
  0.00   0.00   0.00   0.00   0.00   0.00   0.00   0.00    ...     0.00   0.00   0.00   0.00   0.00   0.00   0.00   0.00 
  0.00   0.00   0.00   0.00   0.00   0.00   0.00   0.00    ...     0.00   0.00   0.00   0.00   0.00   0.00   0.00   0.00 
  0.00   0.00   0.00   0.00   0.00   0.00   0.00   0.00    ...     0.00   0.00   0.00   0.00   0.00   0.00   0.00   0.00 
, :cost 158.0, :tour [29 15 10 25 5 20]} {:matrix #RealGEMatrix[double, mxn:32x32, order:column, offset:0, ld:32]

  0.00   0.00   0.00   0.00   0.00   0.00   0.00   0.00    ...     0.00   0.00   0.00   0.00   1.00   1.00   0.00   0.00 
  0.00   0.00   0.00   0.00   0.00   0.00   0.00   0.00    ...     0.00   0.00   0.00   0.00   0.00   0.00   0.00   0.00 
  0.00   0.00   0.00   0.00   0.00   0.00   0.00   0.00    ...     0.00   0.00   0.00   0.00   0.00   0.00   0.00   0.00 
  0.00   0.00   0.00   0.00   0.00   0.00   0.00   0.00    ...     0.00   0.00   0.00   0.00   0.00   0.00   0.00   0.00 
  0.00   0.00   0.00   0.00   0.00   0.00   0.00   0.00    ...     0.00   0.00   0.00   0.00   0.00   0.00   0.00   0.00 
  0.00   0.00   0.00   0.00   0.00   0.00   0.00   0.00    ...     0.00   0.00   0.00   0.00   0.00   0.00   0.00   0.00 
  0.00   0.00   0.00   0.00   0.00   0.00   0.00   0.00    ...     0.00   0.00   0.00   0.00   0.00   0.00   0.00   0.00 
  0.00   0.00   0.00   0.00   0.00   0.00   0.00   0.00    ...     0.00   0.00   0.00   0.00   0.00   0.00   0.00   0.00 
     .          .          .          .          .          .          .          .          .          .          .     
     .          .          .          .          .          .          .          .          .          .          .     
     .          .          .          .          .          .          .          .          .          .          .     

  0.00   0.00   0.00   0.00   0.00   0.00   0.00   0.00    ...     0.00   0.00   0.00   0.00   0.00   0.00   0.00   0.00 
  0.00   0.00   0.00   0.00   0.00   1.00   0.00   0.00    ...     0.00   0.00   0.00   0.00   0.00   0.00   0.00   0.00 
  0.00   0.00   0.00   0.00   0.00   0.00   0.00   0.00    ...     0.00   0.00   0.00   0.00   0.00   0.00   0.00   0.00 
  0.00   0.00   0.00   0.00   0.00   0.00   0.00   0.00    ...     0.00   0.00   0.00   0.00   0.00   0.00   0.00   0.00 
  0.00   0.00   0.00   0.00   1.00   0.00   0.00   0.00    ...     0.00   0.00   0.00   0.00   0.00   0.00   0.00   0.00 
  0.00   0.00   0.00   0.00   0.00   0.00   0.00   0.00    ...     0.00   0.00   0.00   0.00   0.00   0.00   0.00   0.00 
  0.00   0.00   0.00   0.00   0.00   0.00   0.00   0.00    ...     0.00   0.00   0.00   0.00   0.00   0.00   0.00   0.00 
  0.00   0.00   0.00   0.00   0.00   0.00   0.00   0.00    ...     0.00   0.00   0.00   0.00   0.00   0.00   0.00   0.00 
, :cost 249.0, :tour [28 4 11 23 18 16]} {:matrix #RealGEMatrix[double, mxn:32x32, order:column, offset:0, ld:32]

  0.00   0.00   0.00   0.00   0.00   0.00   0.00   0.00    ...     0.00   0.00   0.00   1.00   1.00   0.00   0.00   0.00 
  0.00   0.00   0.00   0.00   0.00   0.00   0.00   0.00    ...     0.00   0.00   0.00   0.00   0.00   0.00   0.00   0.00 
  0.00   0.00   0.00   0.00   0.00   0.00   0.00   0.00    ...     0.00   0.00   0.00   0.00   0.00   0.00   0.00   0.00 
  0.00   0.00   0.00   0.00   0.00   0.00   0.00   0.00    ...     0.00   0.00   0.00   0.00   0.00   0.00   0.00   0.00 
  0.00   0.00   0.00   0.00   0.00   0.00   0.00   0.00    ...     0.00   0.00   0.00   0.00   0.00   0.00   0.00   0.00 
  0.00   0.00   0.00   0.00   0.00   0.00   0.00   0.00    ...     0.00   0.00   0.00   0.00   0.00   0.00   0.00   0.00 
  0.00   0.00   0.00   0.00   0.00   0.00   0.00   0.00    ...     0.00   0.00   0.00   0.00   0.00   0.00   0.00   0.00 
  0.00   0.00   0.00   0.00   0.00   0.00   0.00   0.00    ...     0.00   0.00   0.00   0.00   0.00   0.00   0.00   0.00 
     .          .          .          .          .          .          .          .          .          .          .     
     .          .          .          .          .          .          .          .          .          .          .     
     .          .          .          .          .          .          .          .          .          .          .     

  0.00   0.00   0.00   0.00   0.00   0.00   0.00   0.00    ...     0.00   0.00   0.00   0.00   0.00   0.00   0.00   0.00 
  0.00   0.00   0.00   0.00   0.00   0.00   0.00   0.00    ...     0.00   0.00   0.00   0.00   0.00   0.00   0.00   0.00 
  0.00   0.00   0.00   0.00   0.00   0.00   0.00   0.00    ...     0.00   0.00   0.00   0.00   0.00   0.00   0.00   0.00 
  0.00   0.00   0.00   0.00   0.00   0.00   0.00   0.00    ...     0.00   0.00   0.00   0.00   0.00   0.00   0.00   0.00 
  0.00   0.00   0.00   0.00   0.00   0.00   0.00   0.00    ...     0.00   0.00   0.00   0.00   0.00   0.00   0.00   0.00 
  0.00   0.00   0.00   0.00   0.00   0.00   0.00   0.00    ...     0.00   0.00   0.00   0.00   0.00   0.00   0.00   0.00 
  0.00   0.00   0.00   0.00   0.00   0.00   0.00   0.00    ...     0.00   0.00   0.00   0.00   0.00   0.00   0.00   0.00 
  0.00   0.00   0.00   0.00   0.00   0.00   0.00   0.00    ...     0.00   0.00   0.00   0.00   0.00   0.00   0.00   0.00 
, :cost 210.0, :tour [27 22 9 6 12 26]}], :cost 1006.0}, :params {:aco-niter 50, :aco-r1 0.5, :instance "A-n32-k5", :aco-e 0.15, :aco-r3 0.2, :aco-alpha 1, :aco-psi 1, :aco-beta 1, :aco-r2 0.3, :wr-p 6}}